
ROM used: 2032 (25%)
          2032 (25%) including unused fragments

          1 Average locations per line
          3 Average locations per statement

RAM used: 86 (23%) at main() level
          91 (25%) worst case

Stack used: 5 worst case (out of 8 total available)

Lines Stmts  %   Files
----- ----- ---  -----
  882   498  68  main.c
   40     0   0  main.h
  411     0   0  ..\..\..\..\Program Files\PICC\devices\16F887.h
 2055   238  32  ..\..\..\..\Program Files\PICC\drivers\math.h
----- -----
 3388   736 Total

Page ROM  %  RAM   Vol Diff  Functions:
---- --- --- ---   --- ----  ----------
0     21   1   1             @delay_ms1
0     21   1   0             @const219
0     21   1   0             @const221
0     21   1   0             @const223
0     21   1   0             @const225
0      4   0   0    17  0.8  delaylcd
0      4   0   0    17  0.8  delay1lcd
0      4   0   0    17  0.8  delay
0      8   0   1    17  0.8  delaysecond
0      5   0   0    17  0.8  delay1
0      4   0   0    17  0.8  delay3
 Inline        0    17  0.8  delay4
0      8   0   1    17  0.8  delay6
0     31   2   0    43  1.8  wreprom
 Inline        0   200  2.3  wreprom1
0    242  12   0   958  3.4  readeeprom
0     17   1   0    67  1.2  offall
 Inline        0    55  1.1  onx1
 Inline        0    55  1.1  onx2
 Inline        0    55  1.1  onx3
 Inline        0    55  1.1  onx4
0    129   6   0   898  2.4  writelcd
 Inline        0   391  1.4  lcdreset
0     11   1   0    55  1.1  wrlcdcom4
0     11   1   0    55  1.1  wrlcddata4
 Inline        0   140  1.7  resetlcd
0     62   3   0   280  3.6  selectdis
0     27   1   0   226  4.1  line1
0     27   1   0   226  4.1  line2
0     39   2   0   247  4.6  line1ram
0     39   2   0   247  4.6  line2ram
0     67   3   0  1217  3.9  ramline1
0     62   3   0  1059  3.9  ramline2
0    103   5   0    98  1.6  startloop
0     55   3   0   161  2.1  motor
0     74   4   0   420  4.7  adce
0     37   2   5             @DIV1616
0     21   1   3             @DIV88
0     37   2   2             @MUL88
0     74   4   0   420  4.7  adcw
0     74   4   0   420  4.7  adcn
0     74   4   0   420  4.7  adcs
0      7   0   0    42  1.2  adcall
0     45   2   0   450  3.3  datacal
 Inline        0    86  2.8  incriment
 Inline        0    86  2.8  decriment
0     22   1   0   134  3.0  devide
0     53   3   0   211  2.2  keysense
0     36   2   0   248  4.5  delayloop
0    205  10   0  1052  3.9  homeposition
0    205  10   0   880  4.8  MAIN

Program metrics:
    Functions               43
    Statements              736
    Comments                385
    Volume (V)              22233
    Difficilty (D)          113.1
    Effort to implement (E) 2514149
    Time to implement (T)   38 hours, 48 minutes
    Est Delivered Bugs (B)  6
    Cyclomatic Complexity   55
    Maintainability (MI)    42

 Segment     Used  Free
-----------  ----  ----
00000-00003     4  0  
00004-007FF  2028  16  
00800-00FFF     0  2048  
01000-017FF     0  2048  
01800-01FFF     0  2048  



